<?xml version="1.0" encoding="utf-8"?><testsuites name="pytest tests"><testsuite name="pytest" errors="0" failures="0" skipped="0" tests="12" time="1.768" timestamp="2026-04-01T14:11:28.461809+00:00" hostname="agent-env-e54e1d11-1ea6-4589-94bb-4e9af12bffed"><testcase classname="backend.tests.test_orders_api.TestHealthEndpoints" name="test_api_root" time="0.190" /><testcase classname="backend.tests.test_orders_api.TestConfigEndpoint" name="test_get_config" time="0.117" /><testcase classname="backend.tests.test_orders_api.TestOrdersAPI" name="test_create_order_success" time="0.118" /><testcase classname="backend.tests.test_orders_api.TestOrdersAPI" name="test_create_assorted_order" time="0.122" /><testcase classname="backend.tests.test_orders_api.TestOrdersAPI" name="test_get_orders_list" time="0.105" /><testcase classname="backend.tests.test_orders_api.TestOrdersAPI" name="test_get_orders_by_phone" time="0.262" /><testcase classname="backend.tests.test_orders_api.TestOrdersAPI" name="test_create_order_and_verify_persistence" time="0.212" /><testcase classname="backend.tests.test_orders_api.TestOrderValidation" name="test_create_order_minimal_fields" time="0.096" /><testcase classname="backend.tests.test_orders_api.TestOrderValidation" name="test_create_order_missing_required_field" time="0.133" /><testcase classname="backend.tests.test_orders_api.TestCookiePrices" name="test_lazy_legend_price" time="0.093" /><testcase classname="backend.tests.test_orders_api.TestCookiePrices" name="test_little_rebels_price" time="0.131" /><testcase classname="backend.tests.test_orders_api.TestCookiePrices" name="test_assorted_box_price" time="0.102" /></testsuite></testsuites>