<?xml version="1.0" encoding="utf-8"?><testsuites name="pytest tests"><testsuite name="pytest" errors="0" failures="0" skipped="0" tests="11" time="1.831" timestamp="2026-04-01T13:25:02.082189+00:00" hostname="agent-env-e54e1d11-1ea6-4589-94bb-4e9af12bffed"><testcase classname="backend.tests.test_orders_api.TestHealthEndpoints" name="test_api_root" time="0.234" /><testcase classname="backend.tests.test_orders_api.TestOrdersAPI" name="test_create_order_success" time="0.111" /><testcase classname="backend.tests.test_orders_api.TestOrdersAPI" name="test_create_assorted_order" time="0.123" /><testcase classname="backend.tests.test_orders_api.TestOrdersAPI" name="test_get_orders_list" time="0.142" /><testcase classname="backend.tests.test_orders_api.TestOrdersAPI" name="test_get_orders_by_phone" time="0.203" /><testcase classname="backend.tests.test_orders_api.TestOrdersAPI" name="test_create_order_and_verify_persistence" time="0.258" /><testcase classname="backend.tests.test_orders_api.TestOrderValidation" name="test_create_order_minimal_fields" time="0.116" /><testcase classname="backend.tests.test_orders_api.TestOrderValidation" name="test_create_order_missing_required_field" time="0.105" /><testcase classname="backend.tests.test_orders_api.TestCookiePrices" name="test_lazy_legend_price" time="0.120" /><testcase classname="backend.tests.test_orders_api.TestCookiePrices" name="test_little_rebels_price" time="0.113" /><testcase classname="backend.tests.test_orders_api.TestCookiePrices" name="test_assorted_box_price" time="0.139" /></testsuite></testsuites>